#-----------------------------------------------------------
# Webtalk v2018.1 (64-bit)
# SW Build 2188600 on Wed Apr  4 18:40:38 MDT 2018
# 
# Start of session at: Sun Oct 13 17:19:17 2019
# Process ID: 38796
# Current directory: E:/PhD_project/vivado_prjs/davisZynq/davis7z045AERandBiasCtrl/davis7z045AERandBiasCtrl.sdk/webtalk
# Command line: wbtcv.exe -mode batch -source sdk_webtalk.tcl
# Log file: E:/PhD_project/vivado_prjs/davisZynq/davis7z045AERandBiasCtrl/davis7z045AERandBiasCtrl.sdk/webtalk/webtalk.log
# Journal file: E:/PhD_project/vivado_prjs/davisZynq/davis7z045AERandBiasCtrl/davis7z045AERandBiasCtrl.sdk/webtalk\webtalk.jou
#-----------------------------------------------------------
source sdk_webtalk.tcl
# webtalk_init -webtalk_dir E:\\PhD_project\\vivado_prjs\\davisZynq\\davis7z045AERandBiasCtrl\\davis7z045AERandBiasCtrl.sdk\\webtalk
# webtalk_register_client -client project
# webtalk_add_data -client project -key date_generated -value "2019-10-13 17:19:15" -context "software_version_and_target_device"
# webtalk_add_data -client project -key product_version -value "SDK v2018.1" -context "software_version_and_target_device"
# webtalk_add_data -client project -key build_version -value "2018.1" -context "software_version_and_target_device"
# webtalk_add_data -client project -key os_platform -value "amd64" -context "software_version_and_target_device"
# webtalk_add_data -client project -key registration_id -value "211546347_1777535269_0_465" -context "software_version_and_target_device"
# webtalk_add_data -client project -key tool_flow -value "SDK" -context "software_version_and_target_device"
# webtalk_add_data -client project -key beta -value "false" -context "software_version_and_target_device"
# webtalk_add_data -client project -key route_design -value "NA" -context "software_version_and_target_device"
# webtalk_add_data -client project -key target_family -value "NA" -context "software_version_and_target_device"
# webtalk_add_data -client project -key target_device -value "NA" -context "software_version_and_target_device"
# webtalk_add_data -client project -key target_package -value "NA" -context "software_version_and_target_device"
# webtalk_add_data -client project -key target_speed -value "NA" -context "software_version_and_target_device"
# webtalk_add_data -client project -key random_id -value "6gafl9i77k3fn839p6fn9ng97p" -context "software_version_and_target_device"
# webtalk_add_data -client project -key project_id -value "2018.1_49" -context "software_version_and_target_device"
# webtalk_add_data -client project -key project_iteration -value "49" -context "software_version_and_target_device"
# webtalk_add_data -client project -key os_name -value "Microsoft Windows 8 or later , 64-bit" -context "user_environment"
# webtalk_add_data -client project -key os_release -value "major release  (build 9200)" -context "user_environment"
# webtalk_add_data -client project -key cpu_name -value "Intel(R) Core(TM) i7-4790K CPU @ 4.00GHz" -context "user_environment"
# webtalk_add_data -client project -key cpu_speed -value "3991 MHz" -context "user_environment"
# webtalk_add_data -client project -key total_processors -value "1" -context "user_environment"
# webtalk_add_data -client project -key system_ram -value "34.224 GB" -context "user_environment"
# webtalk_register_client -client sdk
# webtalk_add_data -client sdk -key uid -value "1570971058323" -context "sdk\\\\application/1570971058323"
# webtalk_add_data -client sdk -key hwid -value "1569916083235" -context "sdk\\\\application/1570971058323"
# webtalk_add_data -client sdk -key bspid -value "1570545499814" -context "sdk\\\\application/1570971058323"
# webtalk_add_data -client sdk -key newbsp -value "false" -context "sdk\\\\application/1570971058323"
# webtalk_add_data -client sdk -key os -value "standalone" -context "sdk\\\\application/1570971058323"
# webtalk_add_data -client sdk -key apptemplate -value "hello_world" -context "sdk\\\\application/1570971058323"
# webtalk_add_data -client sdk -key RecordType -value "APPCreation" -context "sdk\\\\application/1570971058323"
# webtalk_add_data -client sdk -key LangUsed -value "C" -context "sdk\\\\application/1570971058323"
# webtalk_add_data -client sdk -key Procused -value "ps7_cortexa9" -context "sdk\\\\application/1570971058323"
# webtalk_add_data -client sdk -key uid -value "NA" -context "sdk\\\\bsp/1570979955607"
# webtalk_add_data -client sdk -key RecordType -value "ToolUsage" -context "sdk\\\\bsp/1570979955607"
# webtalk_add_data -client sdk -key BootgenCount -value "0" -context "sdk\\\\bsp/1570979955607"
# webtalk_add_data -client sdk -key DebugCount -value "42" -context "sdk\\\\bsp/1570979955607"
# webtalk_add_data -client sdk -key PerfCount -value "1" -context "sdk\\\\bsp/1570979955607"
# webtalk_add_data -client sdk -key FlashCount -value "0" -context "sdk\\\\bsp/1570979955607"
# webtalk_add_data -client sdk -key CrossTriggCount -value "0" -context "sdk\\\\bsp/1570979955607"
# webtalk_add_data -client sdk -key QemuDebugCount -value "0" -context "sdk\\\\bsp/1570979955607"
# webtalk_transmit -clientid 3577630103 -regid "211546347_1777535269_0_465" -xml E:\\PhD_project\\vivado_prjs\\davisZynq\\davis7z045AERandBiasCtrl\\davis7z045AERandBiasCtrl.sdk\\webtalk\\usage_statistics_ext_sdk.xml -html E:\\PhD_project\\vivado_prjs\\davisZynq\\davis7z045AERandBiasCtrl\\davis7z045AERandBiasCtrl.sdk\\webtalk\\usage_statistics_ext_sdk.html -wdm E:\\PhD_project\\vivado_prjs\\davisZynq\\davis7z045AERandBiasCtrl\\davis7z045AERandBiasCtrl.sdk\\webtalk\\sdk_webtalk.wdm -intro "<H3>SDK Usage Report</H3><BR>"
INFO: [Common 17-186] 'E:\PhD_project\vivado_prjs\davisZynq\davis7z045AERandBiasCtrl\davis7z045AERandBiasCtrl.sdk\webtalk\usage_statistics_ext_sdk.xml' has been successfully sent to Xilinx on Sun Oct 13 17:19:22 2019. For additional details about this file, please refer to the WebTalk help file at D:/Xilinx/SDK/2018.1/doc/webtalk_introduction.html.
# webtalk_terminate
INFO: [Common 17-206] Exiting Webtalk at Sun Oct 13 17:19:22 2019...
